d:\uni\dsi\tpv2p3\tpv2\tpv2\debug\vc142.pdb
d:\uni\dsi\tpv2p3\tpv2\tpv2\debug\vc142.idb
d:\uni\dsi\tpv2p3\tpv2\tpv2\debug\vector2d.obj
d:\uni\dsi\tpv2p3\tpv2\tpv2\debug\collisions.obj
d:\uni\dsi\tpv2p3\tpv2\tpv2\debug\texture.obj
d:\uni\dsi\tpv2p3\tpv2\tpv2\debug\soundeffect.obj
d:\uni\dsi\tpv2p3\tpv2\tpv2\debug\sdlutils.obj
d:\uni\dsi\tpv2p3\tpv2\tpv2\debug\sdlutils_demo.obj
d:\uni\dsi\tpv2p3\tpv2\tpv2\debug\main.obj
d:\uni\dsi\tpv2p3\tpv2\tpv2\debug\jsonvalue.obj
d:\uni\dsi\tpv2p3\tpv2\tpv2\debug\json.obj
d:\uni\dsi\tpv2p3\tpv2\tpv2\debug\somplejson_demo.obj
d:\uni\dsi\tpv2p3\tpv2\tpv2\debug\rendersystem.obj
d:\uni\dsi\tpv2p3\tpv2\tpv2\debug\paddlessystem.obj
d:\uni\dsi\tpv2p3\tpv2\tpv2\debug\networksystem.obj
d:\uni\dsi\tpv2p3\tpv2\tpv2\debug\gamemanagersystem.obj
d:\uni\dsi\tpv2p3\tpv2\tpv2\debug\game.obj
d:\uni\dsi\tpv2p3\tpv2\tpv2\debug\collisionsystem.obj
d:\uni\dsi\tpv2p3\tpv2\tpv2\debug\ballsystem.obj
d:\uni\dsi\tpv2p3\tpv2\tpv2\debug\manager.obj
d:\uni\dsi\tpv2p3\tpv2\tpv2\debug\entity.obj
d:\uni\dsi\tpv2p3\tpv2\tpv2\debug\fightersystem.obj
d:\uni\dsi\tpv2p3\tpv2\tpv2\debug\fightergunsystem.obj
d:\uni\dsi\tpv2p3\tpv2\tpv2\debug\bulletssystem.obj
d:\uni\dsi\tpv2p3\tpv2\bin\tpv2debug.exe
d:\uni\dsi\tpv2p3\tpv2\bin\tpv2debug.ilk
d:\uni\dsi\tpv2p3\tpv2\bin\tpv2debug.pdb
c:\users\roy_x\onedrive\escritorio\github\tpv2p3\tpv2\tpv2\debug\ballsystem.obj
c:\users\roy_x\onedrive\escritorio\github\tpv2p3\tpv2\tpv2\debug\bulletssystem.obj
c:\users\roy_x\onedrive\escritorio\github\tpv2p3\tpv2\tpv2\debug\collisions.obj
c:\users\roy_x\onedrive\escritorio\github\tpv2p3\tpv2\tpv2\debug\collisionsystem.obj
c:\users\roy_x\onedrive\escritorio\github\tpv2p3\tpv2\tpv2\debug\entity.obj
c:\users\roy_x\onedrive\escritorio\github\tpv2p3\tpv2\tpv2\debug\fightergunsystem.obj
c:\users\roy_x\onedrive\escritorio\github\tpv2p3\tpv2\tpv2\debug\fightersystem.obj
c:\users\roy_x\onedrive\escritorio\github\tpv2p3\tpv2\tpv2\debug\game.obj
c:\users\roy_x\onedrive\escritorio\github\tpv2p3\tpv2\tpv2\debug\gamemanagersystem.obj
c:\users\roy_x\onedrive\escritorio\github\tpv2p3\tpv2\tpv2\debug\json.obj
c:\users\roy_x\onedrive\escritorio\github\tpv2p3\tpv2\tpv2\debug\jsonvalue.obj
c:\users\roy_x\onedrive\escritorio\github\tpv2p3\tpv2\tpv2\debug\main.obj
c:\users\roy_x\onedrive\escritorio\github\tpv2p3\tpv2\tpv2\debug\manager.obj
c:\users\roy_x\onedrive\escritorio\github\tpv2p3\tpv2\tpv2\debug\networksystem.obj
c:\users\roy_x\onedrive\escritorio\github\tpv2p3\tpv2\tpv2\debug\paddlessystem.obj
c:\users\roy_x\onedrive\escritorio\github\tpv2p3\tpv2\tpv2\debug\rendersystem.obj
c:\users\roy_x\onedrive\escritorio\github\tpv2p3\tpv2\tpv2\debug\sdlutils.obj
c:\users\roy_x\onedrive\escritorio\github\tpv2p3\tpv2\tpv2\debug\sdlutils_demo.obj
c:\users\roy_x\onedrive\escritorio\github\tpv2p3\tpv2\tpv2\debug\somplejson_demo.obj
c:\users\roy_x\onedrive\escritorio\github\tpv2p3\tpv2\tpv2\debug\soundeffect.obj
c:\users\roy_x\onedrive\escritorio\github\tpv2p3\tpv2\tpv2\debug\texture.obj
c:\users\roy_x\onedrive\escritorio\github\tpv2p3\tpv2\tpv2\debug\vector2d.obj
c:\users\roy_x\onedrive\escritorio\github\tpv2p3\tpv2\tpv2\debug\vc142.idb
c:\users\roy_x\onedrive\escritorio\github\tpv2p3\tpv2\tpv2\debug\vc142.pdb
c:\users\roy_x\onedrive\escritorio\github\tpv2p3\tpv2\bin\tpv2debug.pdb
c:\users\roy_x\onedrive\escritorio\github\tpv2p3\tpv2\bin\tpv2debug.exe
c:\users\roy_x\onedrive\escritorio\github\tpv2p3\tpv2\bin\tpv2debug.ilk
c:\users\roy_x\onedrive\escritorio\github\tpv2p3\tpv2\tpv2\debug\tpv2.tlog\cl.command.1.tlog
c:\users\roy_x\onedrive\escritorio\github\tpv2p3\tpv2\tpv2\debug\tpv2.tlog\cl.read.1.tlog
c:\users\roy_x\onedrive\escritorio\github\tpv2p3\tpv2\tpv2\debug\tpv2.tlog\cl.write.1.tlog
c:\users\roy_x\onedrive\escritorio\github\tpv2p3\tpv2\tpv2\debug\tpv2.tlog\link.command.1.tlog
c:\users\roy_x\onedrive\escritorio\github\tpv2p3\tpv2\tpv2\debug\tpv2.tlog\link.read.1.tlog
c:\users\roy_x\onedrive\escritorio\github\tpv2p3\tpv2\tpv2\debug\tpv2.tlog\link.write.1.tlog
